c:\touchgfxprojects\brainiac\build\debug\obj\welcomeviewbase.obj
c:\touchgfxprojects\brainiac\build\debug\obj\mainbase.obj
c:\touchgfxprojects\brainiac\build\debug\obj\welcomepresenter.obj
c:\touchgfxprojects\brainiac\build\debug\obj\residentviewbase.obj
c:\touchgfxprojects\brainiac\build\debug\obj\keypadview.obj
c:\touchgfxprojects\brainiac\build\debug\obj\residentview.obj
c:\touchgfxprojects\brainiac\build\debug\obj\keypadviewbase.obj
c:\touchgfxprojects\brainiac\build\debug\obj\frontendapplication.obj
c:\touchgfxprojects\brainiac\build\debug\obj\model.obj
c:\touchgfxprojects\brainiac\build\debug\obj\welcomeview.obj
c:\touchgfxprojects\brainiac\build\debug\obj\frontendapplicationbase.obj
c:\touchgfxprojects\brainiac\build\debug\obj\keypadpresenter.obj
c:\touchgfxprojects\brainiac\build\debug\obj\residentpresenter.obj
c:\touchgfxprojects\brainiac\build\debug\obj\main.obj
c:\touchgfxprojects\brainiac\build\debug\obj\cachedfont.obj
c:\touchgfxprojects\brainiac\build\debug\obj\cachedfont.asm
c:\touchgfxprojects\brainiac\build\debug\obj\font_verdana_40_4bpp_0.obj
c:\touchgfxprojects\brainiac\build\debug\obj\font_verdana_40_4bpp_0.asm
c:\touchgfxprojects\brainiac\build\debug\obj\kerning_verdana_20_4bpp.obj
c:\touchgfxprojects\brainiac\build\debug\obj\kerning_verdana_20_4bpp.asm
c:\touchgfxprojects\brainiac\build\debug\obj\table_verdana_10_4bpp.obj
c:\touchgfxprojects\brainiac\build\debug\obj\table_verdana_10_4bpp.asm
c:\touchgfxprojects\brainiac\build\debug\obj\table_verdana_40_4bpp.obj
c:\touchgfxprojects\brainiac\build\debug\obj\table_verdana_40_4bpp.asm
c:\touchgfxprojects\brainiac\build\debug\obj\image_background_welcome.obj
c:\touchgfxprojects\brainiac\build\debug\obj\image_background_welcome.asm
c:\touchgfxprojects\brainiac\build\debug\obj\applicationfontprovider.obj
c:\touchgfxprojects\brainiac\build\debug\obj\applicationfontprovider.asm
c:\touchgfxprojects\brainiac\build\debug\obj\font_verdana_20_4bpp_0.obj
c:\touchgfxprojects\brainiac\build\debug\obj\font_verdana_20_4bpp_0.asm
c:\touchgfxprojects\brainiac\build\debug\obj\kerning_verdana_10_4bpp.obj
c:\touchgfxprojects\brainiac\build\debug\obj\kerning_verdana_10_4bpp.asm
c:\touchgfxprojects\brainiac\build\debug\obj\kerning_verdana_15_4bpp.obj
c:\touchgfxprojects\brainiac\build\debug\obj\kerning_verdana_15_4bpp.asm
c:\touchgfxprojects\brainiac\build\debug\obj\table_verdana_15_4bpp.obj
c:\touchgfxprojects\brainiac\build\debug\obj\table_verdana_15_4bpp.asm
c:\touchgfxprojects\brainiac\build\debug\obj\unmappeddatafont.obj
c:\touchgfxprojects\brainiac\build\debug\obj\unmappeddatafont.asm
c:\touchgfxprojects\brainiac\build\debug\obj\image_btn_round.obj
c:\touchgfxprojects\brainiac\build\debug\obj\image_btn_round.asm
c:\touchgfxprojects\brainiac\build\debug\obj\texts.obj
c:\touchgfxprojects\brainiac\build\debug\obj\texts.asm
c:\touchgfxprojects\brainiac\build\debug\obj\font_verdana_10_4bpp_0.obj
c:\touchgfxprojects\brainiac\build\debug\obj\font_verdana_10_4bpp_0.asm
c:\touchgfxprojects\brainiac\build\debug\obj\font_verdana_15_4bpp_0.obj
c:\touchgfxprojects\brainiac\build\debug\obj\font_verdana_15_4bpp_0.asm
c:\touchgfxprojects\brainiac\build\debug\obj\generatedfont.obj
c:\touchgfxprojects\brainiac\build\debug\obj\generatedfont.asm
c:\touchgfxprojects\brainiac\build\debug\obj\kerning_verdana_40_4bpp.obj
c:\touchgfxprojects\brainiac\build\debug\obj\kerning_verdana_40_4bpp.asm
c:\touchgfxprojects\brainiac\build\debug\obj\table_verdana_20_4bpp.obj
c:\touchgfxprojects\brainiac\build\debug\obj\table_verdana_20_4bpp.asm
c:\touchgfxprojects\brainiac\build\debug\obj\bitmapdatabase.obj
c:\touchgfxprojects\brainiac\build\debug\obj\bitmapdatabase.asm
c:\touchgfxprojects\brainiac\build\debug\obj\image_btn_round_pressed.obj
c:\touchgfxprojects\brainiac\build\debug\obj\image_btn_round_pressed.asm
c:\touchgfxprojects\brainiac\build\debug\obj\languagegb.obj
c:\touchgfxprojects\brainiac\build\debug\obj\languagegb.asm
c:\touchgfxprojects\brainiac\build\debug\obj\typedtextdatabase.obj
c:\touchgfxprojects\brainiac\build\debug\obj\typedtextdatabase.asm
c:\touchgfxprojects\brainiac\build\debug\obj\fontcache.obj
c:\touchgfxprojects\brainiac\build\debug\obj\fontcache.asm
c:\touchgfxprojects\brainiac\build\debug\obj\halsdl2_icon.obj
c:\touchgfxprojects\brainiac\build\debug\obj\halsdl2.obj
c:\touchgfxprojects\brainiac\build\debug\obj\sdl2touchcontroller.obj
c:\touchgfxprojects\brainiac\build\debug\obj\oswrappers.obj
c:\touchgfxprojects\brainiac\build\debug\obj\vc142.pdb
c:\touchgfxprojects\brainiac\build\debug\bin\application.exe
c:\touchgfxprojects\brainiac\build\debug\bin\application.ilk
c:\touchgfxprojects\brainiac\build\debug\bin\application.pdb
c:\touchgfxprojects\brainiac\build\debug\obj\touchgfx.res
c:\touchgfxprojects\brainiac\build\debug\obj\vc142.idb
c:\touchgfxprojects\brainiac\build\debug\obj\application.tlog\cl.11104.write.1.tlog
c:\touchgfxprojects\brainiac\build\debug\obj\application.tlog\cl.command.1.tlog
c:\touchgfxprojects\brainiac\build\debug\obj\application.tlog\cl.read.1.tlog
c:\touchgfxprojects\brainiac\build\debug\obj\application.tlog\link.command.1.tlog
c:\touchgfxprojects\brainiac\build\debug\obj\application.tlog\link.read.1.tlog
c:\touchgfxprojects\brainiac\build\debug\obj\application.tlog\link.write.1.tlog
c:\touchgfxprojects\brainiac\build\debug\obj\application.tlog\rc.command.1.tlog
c:\touchgfxprojects\brainiac\build\debug\obj\application.tlog\rc.read.1.tlog
c:\touchgfxprojects\brainiac\build\debug\obj\application.tlog\rc.write.1.tlog
